#
# There is insufficient memory for the Java Runtime Environment to continue.
# Native memory allocation (mmap) failed to map 65536 bytes for Failed to commit metaspace.
# Possible reasons:
#   The system is out of physical RAM or swap space
#   The process is running with CompressedOops enabled, and the Java Heap may be blocking the growth of the native heap
# Possible solutions:
#   Reduce memory load on the system
#   Increase physical memory or swap space
#   Check if swap backing store is full
#   Decrease Java heap size (-Xmx/-Xms)
#   Decrease number of Java threads
#   Decrease Java thread stack sizes (-Xss)
#   Set larger code cache with -XX:ReservedCodeCacheSize=
#   JVM is running with Zero Based Compressed Oops mode in which the Java heap is
#     placed in the first 32GB address space. The Java Heap base address is the
#     maximum limit for the native heap growth. Please use -XX:HeapBaseMinAddress
#     to set the Java Heap base and to place the Java Heap above 32GB virtual address.
# This output file may be truncated or incomplete.
#
#  Out of Memory Error (virtualSpaceNode.cpp:110), pid=30652, tid=21152
#
# JRE version: Java(TM) SE Runtime Environment (19.0.2+7) (build 19.0.2+7-44)
# Java VM: Java HotSpot(TM) 64-Bit Server VM (19.0.2+7-44, mixed mode, tiered, compressed oops, compressed class ptrs, g1 gc, windows-amd64)
# No core dump will be written. Minidumps are not enabled by default on client versions of Windows
#

---------------  S U M M A R Y ------------

Command Line: -Dfile.encoding=UTF-8 -XX:+ShowCodeDetailsInExceptionMessages com.atm.new1.Main

Host: Intel(R) Core(TM) i5-4590 CPU @ 3.30GHz, 4 cores, 15G,  Windows 10 , 64 bit Build 19041 (10.0.19041.3155)
Time: Thu Sep  7 12:03:27 2023 India Standard Time elapsed time: 0.174658 seconds (0d 0h 0m 0s)

---------------  T H R E A D  ---------------

Current thread (0x000001901dc06580):  JavaThread "main" [_thread_in_vm, id=21152, stack(0x0000007dbb000000,0x0000007dbb100000)]

Stack: [0x0000007dbb000000,0x0000007dbb100000]
Native frames: (J=compiled Java code, j=interpreted, Vv=VM code, C=native code)
V  [jvm.dll+0x6ee21a]
V  [jvm.dll+0x85765e]
V  [jvm.dll+0x85904e]
V  [jvm.dll+0x859703]
V  [jvm.dll+0x28298f]
V  [jvm.dll+0x8532db]
V  [jvm.dll+0x692cb6]
V  [jvm.dll+0x692d1a]
V  [jvm.dll+0x695613]
V  [jvm.dll+0x6954de]
V  [jvm.dll+0x6936de]
V  [jvm.dll+0x2801cc]
V  [jvm.dll+0x7432cd]
V  [jvm.dll+0x743ccf]
V  [jvm.dll+0x3c999e]
V  [jvm.dll+0x3c8b14]
V  [jvm.dll+0x3c8ab8]
V  [jvm.dll+0x3da29a]
C  0x000001902d0dd33d

Java frames: (J=compiled Java code, j=interpreted, Vv=VM code)
j  java.util.regex.Pattern.curly(Ljava/util/regex/Pattern$Node;I)Ljava/util/regex/Pattern$Node;+39 java.base@19.0.2
j  java.util.regex.Pattern.closure(Ljava/util/regex/Pattern$Node;)Ljava/util/regex/Pattern$Node;+71 java.base@19.0.2
j  java.util.regex.Pattern.sequence(Ljava/util/regex/Pattern$Node;)Ljava/util/regex/Pattern$Node;+600 java.base@19.0.2
j  java.util.regex.Pattern.expr(Ljava/util/regex/Pattern$Node;)Ljava/util/regex/Pattern$Node;+12 java.base@19.0.2
j  java.util.regex.Pattern.compile()V+222 java.base@19.0.2
j  java.util.regex.Pattern.<init>(Ljava/lang/String;I)V+108 java.base@19.0.2
j  java.util.regex.Pattern.compile(Ljava/lang/String;)Ljava/util/regex/Pattern;+6 java.base@19.0.2
j  java.util.Scanner.<clinit>()V+19 java.base@19.0.2
v  ~StubRoutines::call_stub 0x000001902d0b100e
j  com.atm.new1.SelectAcType.<init>()V+10
j  com.atm.new1.Main.main([Ljava/lang/String;)V+4
v  ~StubRoutines::call_stub 0x000001902d0b100e

---------------  P R O C E S S  ---------------

Threads class SMR info:
_java_thread_list=0x0000019044df1c00, length=12, elements={
0x000001901dc06580, 0x0000019044c3d560, 0x0000019044c3ec30, 0x0000019044c5c150,
0x0000019044c46740, 0x0000019044c47b60, 0x0000019044c5e220, 0x0000019044c714f0,
0x0000019044c78070, 0x0000019044c60200, 0x0000019044c5cce0, 0x0000019044c5e770
}

Java Threads: ( => current thread )
=>0x000001901dc06580 JavaThread "main" [_thread_in_vm, id=21152, stack(0x0000007dbb000000,0x0000007dbb100000)]
  0x0000019044c3d560 JavaThread "Reference Handler" daemon [_thread_blocked, id=20572, stack(0x0000007dbb700000,0x0000007dbb800000)]
  0x0000019044c3ec30 JavaThread "Finalizer" daemon [_thread_blocked, id=6936, stack(0x0000007dbb800000,0x0000007dbb900000)]
  0x0000019044c5c150 JavaThread "Signal Dispatcher" daemon [_thread_blocked, id=7420, stack(0x0000007dbb900000,0x0000007dbba00000)]
  0x0000019044c46740 JavaThread "Attach Listener" daemon [_thread_blocked, id=6464, stack(0x0000007dbba00000,0x0000007dbbb00000)]
  0x0000019044c47b60 JavaThread "Service Thread" daemon [_thread_blocked, id=12568, stack(0x0000007dbbb00000,0x0000007dbbc00000)]
  0x0000019044c5e220 JavaThread "Monitor Deflation Thread" daemon [_thread_blocked, id=25044, stack(0x0000007dbbc00000,0x0000007dbbd00000)]
  0x0000019044c714f0 JavaThread "C2 CompilerThread0" daemon [_thread_blocked, id=15620, stack(0x0000007dbbd00000,0x0000007dbbe00000)]
  0x0000019044c78070 JavaThread "C1 CompilerThread0" daemon [_thread_blocked, id=24008, stack(0x0000007dbbe00000,0x0000007dbbf00000)]
  0x0000019044c60200 JavaThread "Sweeper thread" daemon [_thread_blocked, id=16620, stack(0x0000007dbbf00000,0x0000007dbc000000)]
  0x0000019044c5cce0 JavaThread "Notification Thread" daemon [_thread_blocked, id=7892, stack(0x0000007dbc000000,0x0000007dbc100000)]
  0x0000019044c5e770 JavaThread "Common-Cleaner" daemon [_thread_blocked, id=18072, stack(0x0000007dbc200000,0x0000007dbc300000)]

Other Threads:
  0x00000190408066c0 VMThread "VM Thread" [stack: 0x0000007dbb600000,0x0000007dbb700000] [id=30788]
  0x0000019044cf9e70 WatcherThread "VM Periodic Task Thread" [stack: 0x0000007dbc100000,0x0000007dbc200000] [id=5048]
  0x000001901dc78dc0 WorkerThread "GC Thread#0" [stack: 0x0000007dbb100000,0x0000007dbb200000] [id=26200]
  0x000001901dc8b410 ConcurrentGCThread "G1 Main Marker" [stack: 0x0000007dbb200000,0x0000007dbb300000] [id=25116]
  0x000001901dc8bd50 WorkerThread "G1 Conc#0" [stack: 0x0000007dbb300000,0x0000007dbb400000] [id=7648]
  0x000001901dcdd830 ConcurrentGCThread "G1 Refine#0" [stack: 0x0000007dbb400000,0x0000007dbb500000] [id=27668]
  0x000001901dcde280 ConcurrentGCThread "G1 Service" [stack: 0x0000007dbb500000,0x0000007dbb600000] [id=11176]

Threads with active compile tasks:

VM state: not at safepoint (normal execution)

VM Mutex/Monitor currently owned by a thread:  ([mutex/lock_event])
[0x000001901dc00ea0] Metaspace_lock - owner thread: 0x000001901dc06580

Heap address: 0x0000000701600000, size: 4074 MB, Compressed Oops mode: Zero based, Oop shift amount: 3

CDS archive(s) not mapped
Compressed class space mapped at: 0x0000000800000000-0x0000000840000000, reserved size: 1073741824
Narrow klass base: 0x0000000800000000, Narrow klass shift: 0, Narrow klass range: 0x40000000

GC Precious Log:
 CardTable entry size: 512
 Card Set container configuration: InlinePtr #cards 4 size 8 Array Of Cards #cards 16 size 48 Howl #buckets 8 coarsen threshold 3686 Howl Bitmap #cards 512 size 80 coarsen threshold 460 Card regions per heap region 1 cards per card region 4096
 CPUs: 4 total, 4 available
 Memory: 16292M
 Large Page Support: Disabled
 NUMA Support: Disabled
 Compressed Oops: Enabled (Zero based)
 Heap Region Size: 2M
 Heap Min Capacity: 8M
 Heap Initial Capacity: 256M
 Heap Max Capacity: 4074M
 Pre-touch: Disabled
 Parallel Workers: 4
 Concurrent Workers: 1
 Concurrent Refinement Workers: 4
 Periodic GC: Disabled

Heap:
 garbage-first heap   total 262144K, used 0K [0x0000000701600000, 0x0000000800000000)
  region size 2048K, 1 young (2048K), 0 survivors (0K)
 Metaspace       used 5758K, committed 5888K, reserved 1114112K
  class space    used 435K, committed 512K, reserved 1048576K

Heap Regions: E=young(eden), S=young(survivor), O=old, HS=humongous(starts), HC=humongous(continues), CS=collection set, F=free, OA=open archive, CA=closed archive, TAMS=top-at-mark-start (previous, next)
|   0|0x0000000701600000, 0x0000000701600000, 0x0000000701800000|  0%| F|  |TAMS 0x0000000701600000, 0x0000000701600000| Untracked 
|   1|0x0000000701800000, 0x0000000701800000, 0x0000000701a00000|  0%| F|  |TAMS 0x0000000701800000, 0x0000000701800000| Untracked 
|   2|0x0000000701a00000, 0x0000000701a00000, 0x0000000701c00000|  0%| F|  |TAMS 0x0000000701a00000, 0x0000000701a00000| Untracked 
|   3|0x0000000701c00000, 0x0000000701c00000, 0x0000000701e00000|  0%| F|  |TAMS 0x0000000701c00000, 0x0000000701c00000| Untracked 
|   4|0x0000000701e00000, 0x0000000701e00000, 0x0000000702000000|  0%| F|  |TAMS 0x0000000701e00000, 0x0000000701e00000| Untracked 
|   5|0x0000000702000000, 0x0000000702000000, 0x0000000702200000|  0%| F|  |TAMS 0x0000000702000000, 0x0000000702000000| Untracked 
|   6|0x0000000702200000, 0x0000000702200000, 0x0000000702400000|  0%| F|  |TAMS 0x0000000702200000, 0x0000000702200000| Untracked 
|   7|0x0000000702400000, 0x0000000702400000, 0x0000000702600000|  0%| F|  |TAMS 0x0000000702400000, 0x0000000702400000| Untracked 
|   8|0x0000000702600000, 0x0000000702600000, 0x0000000702800000|  0%| F|  |TAMS 0x0000000702600000, 0x0000000702600000| Untracked 
|   9|0x0000000702800000, 0x0000000702800000, 0x0000000702a00000|  0%| F|  |TAMS 0x0000000702800000, 0x0000000702800000| Untracked 
|  10|0x0000000702a00000, 0x0000000702a00000, 0x0000000702c00000|  0%| F|  |TAMS 0x0000000702a00000, 0x0000000702a00000| Untracked 
|  11|0x0000000702c00000, 0x0000000702c00000, 0x0000000702e00000|  0%| F|  |TAMS 0x0000000702c00000, 0x0000000702c00000| Untracked 
|  12|0x0000000702e00000, 0x0000000702e00000, 0x0000000703000000|  0%| F|  |TAMS 0x0000000702e00000, 0x0000000702e00000| Untracked 
|  13|0x0000000703000000, 0x0000000703000000, 0x0000000703200000|  0%| F|  |TAMS 0x0000000703000000, 0x0000000703000000| Untracked 
|  14|0x0000000703200000, 0x0000000703200000, 0x0000000703400000|  0%| F|  |TAMS 0x0000000703200000, 0x0000000703200000| Untracked 
|  15|0x0000000703400000, 0x0000000703400000, 0x0000000703600000|  0%| F|  |TAMS 0x0000000703400000, 0x0000000703400000| Untracked 
|  16|0x0000000703600000, 0x0000000703600000, 0x0000000703800000|  0%| F|  |TAMS 0x0000000703600000, 0x0000000703600000| Untracked 
|  17|0x0000000703800000, 0x0000000703800000, 0x0000000703a00000|  0%| F|  |TAMS 0x0000000703800000, 0x0000000703800000| Untracked 
|  18|0x0000000703a00000, 0x0000000703a00000, 0x0000000703c00000|  0%| F|  |TAMS 0x0000000703a00000, 0x0000000703a00000| Untracked 
|  19|0x0000000703c00000, 0x0000000703c00000, 0x0000000703e00000|  0%| F|  |TAMS 0x0000000703c00000, 0x0000000703c00000| Untracked 
|  20|0x0000000703e00000, 0x0000000703e00000, 0x0000000704000000|  0%| F|  |TAMS 0x0000000703e00000, 0x0000000703e00000| Untracked 
|  21|0x0000000704000000, 0x0000000704000000, 0x0000000704200000|  0%| F|  |TAMS 0x0000000704000000, 0x0000000704000000| Untracked 
|  22|0x0000000704200000, 0x0000000704200000, 0x0000000704400000|  0%| F|  |TAMS 0x0000000704200000, 0x0000000704200000| Untracked 
|  23|0x0000000704400000, 0x0000000704400000, 0x0000000704600000|  0%| F|  |TAMS 0x0000000704400000, 0x0000000704400000| Untracked 
|  24|0x0000000704600000, 0x0000000704600000, 0x0000000704800000|  0%| F|  |TAMS 0x0000000704600000, 0x0000000704600000| Untracked 
|  25|0x0000000704800000, 0x0000000704800000, 0x0000000704a00000|  0%| F|  |TAMS 0x0000000704800000, 0x0000000704800000| Untracked 
|  26|0x0000000704a00000, 0x0000000704a00000, 0x0000000704c00000|  0%| F|  |TAMS 0x0000000704a00000, 0x0000000704a00000| Untracked 
|  27|0x0000000704c00000, 0x0000000704c00000, 0x0000000704e00000|  0%| F|  |TAMS 0x0000000704c00000, 0x0000000704c00000| Untracked 
|  28|0x0000000704e00000, 0x0000000704e00000, 0x0000000705000000|  0%| F|  |TAMS 0x0000000704e00000, 0x0000000704e00000| Untracked 
|  29|0x0000000705000000, 0x0000000705000000, 0x0000000705200000|  0%| F|  |TAMS 0x0000000705000000, 0x0000000705000000| Untracked 
|  30|0x0000000705200000, 0x0000000705200000, 0x0000000705400000|  0%| F|  |TAMS 0x0000000705200000, 0x0000000705200000| Untracked 
|  31|0x0000000705400000, 0x0000000705400000, 0x0000000705600000|  0%| F|  |TAMS 0x0000000705400000, 0x0000000705400000| Untracked 
|  32|0x0000000705600000, 0x0000000705600000, 0x0000000705800000|  0%| F|  |TAMS 0x0000000705600000, 0x0000000705600000| Untracked 
|  33|0x0000000705800000, 0x0000000705800000, 0x0000000705a00000|  0%| F|  |TAMS 0x0000000705800000, 0x0000000705800000| Untracked 
|  34|0x0000000705a00000, 0x0000000705a00000, 0x0000000705c00000|  0%| F|  |TAMS 0x0000000705a00000, 0x0000000705a00000| Untracked 
|  35|0x0000000705c00000, 0x0000000705c00000, 0x0000000705e00000|  0%| F|  |TAMS 0x0000000705c00000, 0x0000000705c00000| Untracked 
|  36|0x0000000705e00000, 0x0000000705e00000, 0x0000000706000000|  0%| F|  |TAMS 0x0000000705e00000, 0x0000000705e00000| Untracked 
|  37|0x0000000706000000, 0x0000000706000000, 0x0000000706200000|  0%| F|  |TAMS 0x0000000706000000, 0x0000000706000000| Untracked 
|  38|0x0000000706200000, 0x0000000706200000, 0x0000000706400000|  0%| F|  |TAMS 0x0000000706200000, 0x0000000706200000| Untracked 
|  39|0x0000000706400000, 0x0000000706400000, 0x0000000706600000|  0%| F|  |TAMS 0x0000000706400000, 0x0000000706400000| Untracked 
|  40|0x0000000706600000, 0x0000000706600000, 0x0000000706800000|  0%| F|  |TAMS 0x0000000706600000, 0x0000000706600000| Untracked 
|  41|0x0000000706800000, 0x0000000706800000, 0x0000000706a00000|  0%| F|  |TAMS 0x0000000706800000, 0x0000000706800000| Untracked 
|  42|0x0000000706a00000, 0x0000000706a00000, 0x0000000706c00000|  0%| F|  |TAMS 0x0000000706a00000, 0x0000000706a00000| Untracked 
|  43|0x0000000706c00000, 0x0000000706c00000, 0x0000000706e00000|  0%| F|  |TAMS 0x0000000706c00000, 0x0000000706c00000| Untracked 
|  44|0x0000000706e00000, 0x0000000706e00000, 0x0000000707000000|  0%| F|  |TAMS 0x0000000706e00000, 0x0000000706e00000| Untracked 
|  45|0x0000000707000000, 0x0000000707000000, 0x0000000707200000|  0%| F|  |TAMS 0x0000000707000000, 0x0000000707000000| Untracked 
|  46|0x0000000707200000, 0x0000000707200000, 0x0000000707400000|  0%| F|  |TAMS 0x0000000707200000, 0x0000000707200000| Untracked 
|  47|0x0000000707400000, 0x0000000707400000, 0x0000000707600000|  0%| F|  |TAMS 0x0000000707400000, 0x0000000707400000| Untracked 
|  48|0x0000000707600000, 0x0000000707600000, 0x0000000707800000|  0%| F|  |TAMS 0x0000000707600000, 0x0000000707600000| Untracked 
|  49|0x0000000707800000, 0x0000000707800000, 0x0000000707a00000|  0%| F|  |TAMS 0x0000000707800000, 0x0000000707800000| Untracked 
|  50|0x0000000707a00000, 0x0000000707a00000, 0x0000000707c00000|  0%| F|  |TAMS 0x0000000707a00000, 0x0000000707a00000| Untracked 
|  51|0x0000000707c00000, 0x0000000707c00000, 0x0000000707e00000|  0%| F|  |TAMS 0x0000000707c00000, 0x0000000707c00000| Untracked 
|  52|0x0000000707e00000, 0x0000000707e00000, 0x0000000708000000|  0%| F|  |TAMS 0x0000000707e00000, 0x0000000707e00000| Untracked 
|  53|0x0000000708000000, 0x0000000708000000, 0x0000000708200000|  0%| F|  |TAMS 0x0000000708000000, 0x0000000708000000| Untracked 
|  54|0x0000000708200000, 0x0000000708200000, 0x0000000708400000|  0%| F|  |TAMS 0x0000000708200000, 0x0000000708200000| Untracked 
|  55|0x0000000708400000, 0x0000000708400000, 0x0000000708600000|  0%| F|  |TAMS 0x0000000708400000, 0x0000000708400000| Untracked 
|  56|0x0000000708600000, 0x0000000708600000, 0x0000000708800000|  0%| F|  |TAMS 0x0000000708600000, 0x0000000708600000| Untracked 
|  57|0x0000000708800000, 0x0000000708800000, 0x0000000708a00000|  0%| F|  |TAMS 0x0000000708800000, 0x0000000708800000| Untracked 
|  58|0x0000000708a00000, 0x0000000708a00000, 0x0000000708c00000|  0%| F|  |TAMS 0x0000000708a00000, 0x0000000708a00000| Untracked 
|  59|0x0000000708c00000, 0x0000000708c00000, 0x0000000708e00000|  0%| F|  |TAMS 0x0000000708c00000, 0x0000000708c00000| Untracked 
|  60|0x0000000708e00000, 0x0000000708e00000, 0x0000000709000000|  0%| F|  |TAMS 0x0000000708e00000, 0x0000000708e00000| Untracked 
|  61|0x0000000709000000, 0x0000000709000000, 0x0000000709200000|  0%| F|  |TAMS 0x0000000709000000, 0x0000000709000000| Untracked 
|  62|0x0000000709200000, 0x0000000709200000, 0x0000000709400000|  0%| F|  |TAMS 0x0000000709200000, 0x0000000709200000| Untracked 
|  63|0x0000000709400000, 0x0000000709400000, 0x0000000709600000|  0%| F|  |TAMS 0x0000000709400000, 0x0000000709400000| Untracked 
|  64|0x0000000709600000, 0x0000000709600000, 0x0000000709800000|  0%| F|  |TAMS 0x0000000709600000, 0x0000000709600000| Untracked 
|  65|0x0000000709800000, 0x0000000709800000, 0x0000000709a00000|  0%| F|  |TAMS 0x0000000709800000, 0x0000000709800000| Untracked 
|  66|0x0000000709a00000, 0x0000000709a00000, 0x0000000709c00000|  0%| F|  |TAMS 0x0000000709a00000, 0x0000000709a00000| Untracked 
|  67|0x0000000709c00000, 0x0000000709c00000, 0x0000000709e00000|  0%| F|  |TAMS 0x0000000709c00000, 0x0000000709c00000| Untracked 
|  68|0x0000000709e00000, 0x0000000709e00000, 0x000000070a000000|  0%| F|  |TAMS 0x0000000709e00000, 0x0000000709e00000| Untracked 
|  69|0x000000070a000000, 0x000000070a000000, 0x000000070a200000|  0%| F|  |TAMS 0x000000070a000000, 0x000000070a000000| Untracked 
|  70|0x000000070a200000, 0x000000070a200000, 0x000000070a400000|  0%| F|  |TAMS 0x000000070a200000, 0x000000070a200000| Untracked 
|  71|0x000000070a400000, 0x000000070a400000, 0x000000070a600000|  0%| F|  |TAMS 0x000000070a400000, 0x000000070a400000| Untracked 
|  72|0x000000070a600000, 0x000000070a600000, 0x000000070a800000|  0%| F|  |TAMS 0x000000070a600000, 0x000000070a600000| Untracked 
|  73|0x000000070a800000, 0x000000070a800000, 0x000000070aa00000|  0%| F|  |TAMS 0x000000070a800000, 0x000000070a800000| Untracked 
|  74|0x000000070aa00000, 0x000000070aa00000, 0x000000070ac00000|  0%| F|  |TAMS 0x000000070aa00000, 0x000000070aa00000| Untracked 
|  75|0x000000070ac00000, 0x000000070ac00000, 0x000000070ae00000|  0%| F|  |TAMS 0x000000070ac00000, 0x000000070ac00000| Untracked 
|  76|0x000000070ae00000, 0x000000070ae00000, 0x000000070b000000|  0%| F|  |TAMS 0x000000070ae00000, 0x000000070ae00000| Untracked 
|  77|0x000000070b000000, 0x000000070b000000, 0x000000070b200000|  0%| F|  |TAMS 0x000000070b000000, 0x000000070b000000| Untracked 
|  78|0x000000070b200000, 0x000000070b200000, 0x000000070b400000|  0%| F|  |TAMS 0x000000070b200000, 0x000000070b200000| Untracked 
|  79|0x000000070b400000, 0x000000070b400000, 0x000000070b600000|  0%| F|  |TAMS 0x000000070b400000, 0x000000070b400000| Untracked 
|  80|0x000000070b600000, 0x000000070b600000, 0x000000070b800000|  0%| F|  |TAMS 0x000000070b600000, 0x000000070b600000| Untracked 
|  81|0x000000070b800000, 0x000000070b800000, 0x000000070ba00000|  0%| F|  |TAMS 0x000000070b800000, 0x000000070b800000| Untracked 
|  82|0x000000070ba00000, 0x000000070ba00000, 0x000000070bc00000|  0%| F|  |TAMS 0x000000070ba00000, 0x000000070ba00000| Untracked 
|  83|0x000000070bc00000, 0x000000070bc00000, 0x000000070be00000|  0%| F|  |TAMS 0x000000070bc00000, 0x000000070bc00000| Untracked 
|  84|0x000000070be00000, 0x000000070be00000, 0x000000070c000000|  0%| F|  |TAMS 0x000000070be00000, 0x000000070be00000| Untracked 
|  85|0x000000070c000000, 0x000000070c000000, 0x000000070c200000|  0%| F|  |TAMS 0x000000070c000000, 0x000000070c000000| Untracked 
|  86|0x000000070c200000, 0x000000070c200000, 0x000000070c400000|  0%| F|  |TAMS 0x000000070c200000, 0x000000070c200000| Untracked 
|  87|0x000000070c400000, 0x000000070c400000, 0x000000070c600000|  0%| F|  |TAMS 0x000000070c400000, 0x000000070c400000| Untracked 
|  88|0x000000070c600000, 0x000000070c600000, 0x000000070c800000|  0%| F|  |TAMS 0x000000070c600000, 0x000000070c600000| Untracked 
|  89|0x000000070c800000, 0x000000070c800000, 0x000000070ca00000|  0%| F|  |TAMS 0x000000070c800000, 0x000000070c800000| Untracked 
|  90|0x000000070ca00000, 0x000000070ca00000, 0x000000070cc00000|  0%| F|  |TAMS 0x000000070ca00000, 0x000000070ca00000| Untracked 
|  91|0x000000070cc00000, 0x000000070cc00000, 0x000000070ce00000|  0%| F|  |TAMS 0x000000070cc00000, 0x000000070cc00000| Untracked 
|  92|0x000000070ce00000, 0x000000070ce00000, 0x000000070d000000|  0%| F|  |TAMS 0x000000070ce00000, 0x000000070ce00000| Untracked 
|  93|0x000000070d000000, 0x000000070d000000, 0x000000070d200000|  0%| F|  |TAMS 0x000000070d000000, 0x000000070d000000| Untracked 
|  94|0x000000070d200000, 0x000000070d200000, 0x000000070d400000|  0%| F|  |TAMS 0x000000070d200000, 0x000000070d200000| Untracked 
|  95|0x000000070d400000, 0x000000070d400000, 0x000000070d600000|  0%| F|  |TAMS 0x000000070d400000, 0x000000070d400000| Untracked 
|  96|0x000000070d600000, 0x000000070d600000, 0x000000070d800000|  0%| F|  |TAMS 0x000000070d600000, 0x000000070d600000| Untracked 
|  97|0x000000070d800000, 0x000000070d800000, 0x000000070da00000|  0%| F|  |TAMS 0x000000070d800000, 0x000000070d800000| Untracked 
|  98|0x000000070da00000, 0x000000070da00000, 0x000000070dc00000|  0%| F|  |TAMS 0x000000070da00000, 0x000000070da00000| Untracked 
|  99|0x000000070dc00000, 0x000000070dc00000, 0x000000070de00000|  0%| F|  |TAMS 0x000000070dc00000, 0x000000070dc00000| Untracked 
| 100|0x000000070de00000, 0x000000070de00000, 0x000000070e000000|  0%| F|  |TAMS 0x000000070de00000, 0x000000070de00000| Untracked 
| 101|0x000000070e000000, 0x000000070e000000, 0x000000070e200000|  0%| F|  |TAMS 0x000000070e000000, 0x000000070e000000| Untracked 
| 102|0x000000070e200000, 0x000000070e200000, 0x000000070e400000|  0%| F|  |TAMS 0x000000070e200000, 0x000000070e200000| Untracked 
| 103|0x000000070e400000, 0x000000070e400000, 0x000000070e600000|  0%| F|  |TAMS 0x000000070e400000, 0x000000070e400000| Untracked 
| 104|0x000000070e600000, 0x000000070e600000, 0x000000070e800000|  0%| F|  |TAMS 0x000000070e600000, 0x000000070e600000| Untracked 
| 105|0x000000070e800000, 0x000000070e800000, 0x000000070ea00000|  0%| F|  |TAMS 0x000000070e800000, 0x000000070e800000| Untracked 
| 106|0x000000070ea00000, 0x000000070ea00000, 0x000000070ec00000|  0%| F|  |TAMS 0x000000070ea00000, 0x000000070ea00000| Untracked 
| 107|0x000000070ec00000, 0x000000070ec00000, 0x000000070ee00000|  0%| F|  |TAMS 0x000000070ec00000, 0x000000070ec00000| Untracked 
| 108|0x000000070ee00000, 0x000000070ee00000, 0x000000070f000000|  0%| F|  |TAMS 0x000000070ee00000, 0x000000070ee00000| Untracked 
| 109|0x000000070f000000, 0x000000070f000000, 0x000000070f200000|  0%| F|  |TAMS 0x000000070f000000, 0x000000070f000000| Untracked 
| 110|0x000000070f200000, 0x000000070f200000, 0x000000070f400000|  0%| F|  |TAMS 0x000000070f200000, 0x000000070f200000| Untracked 
| 111|0x000000070f400000, 0x000000070f400000, 0x000000070f600000|  0%| F|  |TAMS 0x000000070f400000, 0x000000070f400000| Untracked 
| 112|0x000000070f600000, 0x000000070f600000, 0x000000070f800000|  0%| F|  |TAMS 0x000000070f600000, 0x000000070f600000| Untracked 
| 113|0x000000070f800000, 0x000000070f800000, 0x000000070fa00000|  0%| F|  |TAMS 0x000000070f800000, 0x000000070f800000| Untracked 
| 114|0x000000070fa00000, 0x000000070fa00000, 0x000000070fc00000|  0%| F|  |TAMS 0x000000070fa00000, 0x000000070fa00000| Untracked 
| 115|0x000000070fc00000, 0x000000070fc00000, 0x000000070fe00000|  0%| F|  |TAMS 0x000000070fc00000, 0x000000070fc00000| Untracked 
| 116|0x000000070fe00000, 0x000000070fe00000, 0x0000000710000000|  0%| F|  |TAMS 0x000000070fe00000, 0x000000070fe00000| Untracked 
| 117|0x0000000710000000, 0x0000000710000000, 0x0000000710200000|  0%| F|  |TAMS 0x0000000710000000, 0x0000000710000000| Untracked 
| 118|0x0000000710200000, 0x0000000710200000, 0x0000000710400000|  0%| F|  |TAMS 0x0000000710200000, 0x0000000710200000| Untracked 
| 119|0x0000000710400000, 0x0000000710400000, 0x0000000710600000|  0%| F|  |TAMS 0x0000000710400000, 0x0000000710400000| Untracked 
| 120|0x0000000710600000, 0x0000000710600000, 0x0000000710800000|  0%| F|  |TAMS 0x0000000710600000, 0x0000000710600000| Untracked 
| 121|0x0000000710800000, 0x0000000710800000, 0x0000000710a00000|  0%| F|  |TAMS 0x0000000710800000, 0x0000000710800000| Untracked 
| 122|0x0000000710a00000, 0x0000000710a00000, 0x0000000710c00000|  0%| F|  |TAMS 0x0000000710a00000, 0x0000000710a00000| Untracked 
| 123|0x0000000710c00000, 0x0000000710c00000, 0x0000000710e00000|  0%| F|  |TAMS 0x0000000710c00000, 0x0000000710c00000| Untracked 
| 124|0x0000000710e00000, 0x0000000710e00000, 0x0000000711000000|  0%| F|  |TAMS 0x0000000710e00000, 0x0000000710e00000| Untracked 
| 125|0x0000000711000000, 0x0000000711000000, 0x0000000711200000|  0%| F|  |TAMS 0x0000000711000000, 0x0000000711000000| Untracked 
| 126|0x0000000711200000, 0x0000000711200000, 0x0000000711400000|  0%| F|  |TAMS 0x0000000711200000, 0x0000000711200000| Untracked 
| 127|0x0000000711400000, 0x00000007115ae3b0, 0x0000000711600000| 84%| E|  |TAMS 0x0000000711400000, 0x0000000711400000| Complete 

Card table byte_map: [0x0000019035380000,0x0000019035b80000] _byte_map_base: 0x0000019031b75000

Marking Bits (Prev, Next): (CMBitMap*) 0x000001901dc7a310, (CMBitMap*) 0x000001901dc7a350
 Prev Bits: [0x0000019036380000, 0x000001903a328000)
 Next Bits: [0x000001903a330000, 0x000001903e2d8000)

Polling page: 0x000001901d3e0000

Metaspace:

Usage:
  Non-class:      5.20 MB used.
      Class:    435.73 KB used.
       Both:      5.62 MB used.

Virtual space:
  Non-class space:       64.00 MB reserved,       5.25 MB (  8%) committed,  1 nodes.
      Class space:        1.00 GB reserved,     512.00 KB ( <1%) committed,  1 nodes.
             Both:        1.06 GB reserved,       5.75 MB ( <1%) committed. 

Chunk freelists:
   Non-Class:  2.48 MB
       Class:  3.56 MB
        Both:  6.04 MB

MaxMetaspaceSize: unlimited
CompressedClassSpaceSize: 1.00 GB
Initial GC threshold: 21.00 MB
Current GC threshold: 21.00 MB
CDS: off
MetaspaceReclaimPolicy: balanced
 - commit_granule_bytes: 65536.
 - commit_granule_words: 8192.
 - virtual_space_node_default_size: 8388608.
 - enlarge_chunks_in_place: 1.
 - new_chunks_are_fully_committed: 0.
 - uncommit_free_chunks: 1.
 - use_allocation_guard: 0.


Internal statistics:

num_allocs_failed_limit: 0.
num_arena_births: 8.
num_arena_deaths: 0.
num_vsnodes_births: 2.
num_vsnodes_deaths: 0.
num_space_committed: 92.
num_space_uncommitted: 0.
num_chunks_returned_to_freelist: 0.
num_chunks_taken_from_freelist: 15.
num_chunk_merges: 0.
num_chunk_splits: 5.
num_chunks_enlarged: 1.
num_inconsistent_stats: 0.

CodeHeap 'non-profiled nmethods': size=120000Kb used=23Kb max_used=23Kb free=119976Kb
 bounds [0x000001902d650000, 0x000001902d8c0000, 0x0000019034b80000]
CodeHeap 'profiled nmethods': size=120000Kb used=88Kb max_used=88Kb free=119911Kb
 bounds [0x0000019025b80000, 0x0000019025df0000, 0x000001902d0b0000]
CodeHeap 'non-nmethods': size=5760Kb used=1179Kb max_used=1179Kb free=4580Kb
 bounds [0x000001902d0b0000, 0x000001902d320000, 0x000001902d650000]
 total_blobs=449 nmethods=81 adapters=279
 compilation: enabled
              stopped_count=0, restarted_count=0
 full_count=0

Compilation events (20 events):
Event: 0.149 Thread 0x0000019044c78070   62       3       java.lang.StringLatin1::canEncode (13 bytes)
Event: 0.149 Thread 0x0000019044c714f0   64       4       java.lang.StringLatin1::hashCode (42 bytes)
Event: 0.149 Thread 0x0000019044c78070 nmethod 62 0x0000019025b94410 code [0x0000019025b945a0, 0x0000019025b946f8]
Event: 0.149 Thread 0x0000019044c78070   63       3       java.lang.StringLatin1::indexOfChar (33 bytes)
Event: 0.149 Thread 0x0000019044c78070 nmethod 63 0x0000019025b94790 code [0x0000019025b94940, 0x0000019025b94b78]
Event: 0.150 Thread 0x0000019044c78070   65       3       java.lang.Math::min (11 bytes)
Event: 0.151 Thread 0x0000019044c78070 nmethod 65 0x0000019025b94c90 code [0x0000019025b94e20, 0x0000019025b94f58]
Event: 0.151 Thread 0x0000019044c714f0 nmethod 64 0x000001902d653190 code [0x000001902d653320, 0x000001902d653498]
Event: 0.162 Thread 0x0000019044c78070   68       1       java.lang.module.ModuleDescriptor::isOpen (5 bytes)
Event: 0.162 Thread 0x0000019044c78070 nmethod 68 0x000001902d653b90 code [0x000001902d653d20, 0x000001902d653df8]
Event: 0.163 Thread 0x0000019044c78070   71       1       java.lang.Enum::ordinal (5 bytes)
Event: 0.163 Thread 0x0000019044c78070 nmethod 71 0x000001902d654490 code [0x000001902d654620, 0x000001902d6546d8]
Event: 0.164 Thread 0x0000019044c78070   72       3       java.lang.AbstractStringBuilder::isLatin1 (19 bytes)
Event: 0.165 Thread 0x0000019044c78070 nmethod 72 0x0000019025b95010 code [0x0000019025b951a0, 0x0000019025b95318]
Event: 0.169 Thread 0x0000019044c78070   78       1       java.lang.invoke.MethodType::returnType (5 bytes)
Event: 0.169 Thread 0x0000019044c78070 nmethod 78 0x000001902d655790 code [0x000001902d655920, 0x000001902d6559f8]
Event: 0.171 Thread 0x0000019044c78070   80       3       java.lang.String::indexOf (29 bytes)
Event: 0.171 Thread 0x0000019044c78070 nmethod 80 0x0000019025b95390 code [0x0000019025b95560, 0x0000019025b95818]
Event: 0.171 Thread 0x0000019044c78070   81       3       java.lang.StringLatin1::indexOf (36 bytes)
Event: 0.171 Thread 0x0000019044c78070 nmethod 81 0x0000019025b95910 code [0x0000019025b95ae0, 0x0000019025b95f18]

GC Heap History (0 events):
No events

Dll operation events (3 events):
Event: 0.014 Loaded shared library C:\Program Files\Java\jdk-19\bin\java.dll
Event: 0.091 Loaded shared library C:\Program Files\Java\jdk-19\bin\jsvml.dll
Event: 0.152 Loaded shared library C:\Program Files\Java\jdk-19\bin\jimage.dll

Deoptimization events (0 events):
No events

Classes loaded (20 events):
Event: 0.170 Loading class jdk/internal/org/objectweb/asm/Frame
Event: 0.171 Loading class jdk/internal/org/objectweb/asm/Frame done
Event: 0.171 Loading class java/lang/invoke/InvokerBytecodeGenerator$ClassData
Event: 0.171 Loading class java/lang/invoke/InvokerBytecodeGenerator$ClassData done
Event: 0.171 Loading class java/util/ArrayList$Itr
Event: 0.171 Loading class java/util/ArrayList$Itr done
Event: 0.171 Loading class jdk/internal/org/objectweb/asm/FieldWriter
Event: 0.171 Loading class jdk/internal/org/objectweb/asm/FieldVisitor
Event: 0.171 Loading class jdk/internal/org/objectweb/asm/FieldVisitor done
Event: 0.171 Loading class jdk/internal/org/objectweb/asm/FieldWriter done
Event: 0.171 Loading class java/util/regex/Pattern$BmpCharPredicate
Event: 0.171 Loading class java/util/regex/Pattern$BmpCharPredicate done
Event: 0.171 Loading class java/util/regex/Pattern$CharProperty
Event: 0.171 Loading class java/util/regex/Pattern$CharProperty done
Event: 0.172 Loading class java/util/regex/Pattern$Qtype
Event: 0.172 Loading class java/util/regex/Pattern$Qtype done
Event: 0.172 Loading class java/util/regex/Pattern$BmpCharProperty
Event: 0.172 Loading class java/util/regex/Pattern$BmpCharProperty done
Event: 0.172 Loading class java/util/regex/Pattern$CharPropertyGreedy
Event: 0.172 Loading class java/util/regex/Pattern$CharPropertyGreedy done

Classes unloaded (0 events):
No events

Classes redefined (0 events):
No events

Internal exceptions (0 events):
No events

VM Operations (0 events):
No events

Events (12 events):
Event: 0.091 Thread 0x000001901dc06580 Thread added: 0x000001901dc06580
Event: 0.116 Thread 0x0000019044c3d560 Thread added: 0x0000019044c3d560
Event: 0.116 Thread 0x0000019044c3ec30 Thread added: 0x0000019044c3ec30
Event: 0.117 Thread 0x0000019044c5c150 Thread added: 0x0000019044c5c150
Event: 0.117 Thread 0x0000019044c46740 Thread added: 0x0000019044c46740
Event: 0.117 Thread 0x0000019044c47b60 Thread added: 0x0000019044c47b60
Event: 0.117 Thread 0x0000019044c5e220 Thread added: 0x0000019044c5e220
Event: 0.117 Thread 0x0000019044c714f0 Thread added: 0x0000019044c714f0
Event: 0.117 Thread 0x0000019044c78070 Thread added: 0x0000019044c78070
Event: 0.117 Thread 0x0000019044c60200 Thread added: 0x0000019044c60200
Event: 0.139 Thread 0x0000019044c5cce0 Thread added: 0x0000019044c5cce0
Event: 0.145 Thread 0x0000019044c5e770 Thread added: 0x0000019044c5e770


Dynamic libraries:
0x00007ff74ad00000 - 0x00007ff74ad10000 	C:\Program Files\Java\jdk-19\bin\javaw.exe
0x00007ff8277f0000 - 0x00007ff8279e8000 	C:\Windows\SYSTEM32\ntdll.dll
0x00007ff826400000 - 0x00007ff8264bf000 	C:\Windows\System32\KERNEL32.DLL
0x00007ff825360000 - 0x00007ff825656000 	C:\Windows\System32\KERNELBASE.dll
0x00007ff8251f0000 - 0x00007ff8252f0000 	C:\Windows\System32\ucrtbase.dll
0x00007ffff9430000 - 0x00007ffff944b000 	C:\Program Files\Java\jdk-19\bin\VCRUNTIME140.dll
0x00007ffff9360000 - 0x00007ffff9378000 	C:\Program Files\Java\jdk-19\bin\jli.dll
0x00007ff825bb0000 - 0x00007ff825c5f000 	C:\Windows\System32\ADVAPI32.dll
0x00007ff826c80000 - 0x00007ff826d1e000 	C:\Windows\System32\msvcrt.dll
0x00007ff826db0000 - 0x00007ff826e4c000 	C:\Windows\System32\sechost.dll
0x00007ff826210000 - 0x00007ff826336000 	C:\Windows\System32\RPCRT4.dll
0x00007ff827460000 - 0x00007ff8275fd000 	C:\Windows\System32\USER32.dll
0x00007ff8250c0000 - 0x00007ff8250e2000 	C:\Windows\System32\win32u.dll
0x00007ff825d70000 - 0x00007ff825d9c000 	C:\Windows\System32\GDI32.dll
0x00007ff824f00000 - 0x00007ff825015000 	C:\Windows\System32\gdi32full.dll
0x00007ff825020000 - 0x00007ff8250bd000 	C:\Windows\System32\msvcp_win.dll
0x00007ff81c280000 - 0x00007ff81c51a000 	C:\Windows\WinSxS\amd64_microsoft.windows.common-controls_6595b64144ccf1df_6.0.19041.1110_none_60b5254171f9507e\COMCTL32.dll
0x00007ff81cd60000 - 0x00007ff81cd6a000 	C:\Windows\SYSTEM32\VERSION.dll
0x00007ff826d80000 - 0x00007ff826db0000 	C:\Windows\System32\IMM32.DLL
0x00007ff820d90000 - 0x00007ff820d9c000 	C:\Program Files\Java\jdk-19\bin\vcruntime140_1.dll
0x00007ffff4df0000 - 0x00007ffff4e7e000 	C:\Program Files\Java\jdk-19\bin\msvcp140.dll
0x00007fff91080000 - 0x00007fff91d40000 	C:\Program Files\Java\jdk-19\bin\server\jvm.dll
0x00007ff820d00000 - 0x00007ff820d09000 	C:\Windows\SYSTEM32\WSOCK32.dll
0x00007ff81adc0000 - 0x00007ff81ade7000 	C:\Windows\SYSTEM32\WINMM.dll
0x00007ff8264c0000 - 0x00007ff82652b000 	C:\Windows\System32\WS2_32.dll
0x00007ff822bb0000 - 0x00007ff822bc2000 	C:\Windows\SYSTEM32\kernel.appcore.dll
0x00007ff819d60000 - 0x00007ff819d6a000 	C:\Program Files\Java\jdk-19\bin\jimage.dll
0x00007ff81c900000 - 0x00007ff81cae4000 	C:\Windows\SYSTEM32\DBGHELP.DLL
0x00007ff81c880000 - 0x00007ff81c8b4000 	C:\Windows\SYSTEM32\dbgcore.DLL
0x00007ff8257c0000 - 0x00007ff825842000 	C:\Windows\System32\bcryptPrimitives.dll
0x00007ffff9190000 - 0x00007ffff91b6000 	C:\Program Files\Java\jdk-19\bin\java.dll
0x00007fffcdc40000 - 0x00007fffcdd17000 	C:\Program Files\Java\jdk-19\bin\jsvml.dll
0x00007ff826530000 - 0x00007ff826c74000 	C:\Windows\System32\SHELL32.dll
0x00007ff822db0000 - 0x00007ff823543000 	C:\Windows\SYSTEM32\windows.storage.dll
0x00007ff825eb0000 - 0x00007ff826204000 	C:\Windows\System32\combase.dll
0x00007ff8248a0000 - 0x00007ff8248ce000 	C:\Windows\SYSTEM32\Wldp.dll
0x00007ff826340000 - 0x00007ff8263ed000 	C:\Windows\System32\SHCORE.dll
0x00007ff825e50000 - 0x00007ff825ea5000 	C:\Windows\System32\shlwapi.dll
0x00007ff824e00000 - 0x00007ff824e25000 	C:\Windows\SYSTEM32\profapi.dll

dbghelp: loaded successfully - version: 4.0.5 - missing functions: none
symbol engine: initialized successfully - sym options: 0x614 - pdb path: .;C:\Program Files\Java\jdk-19\bin;C:\Windows\SYSTEM32;C:\Windows\WinSxS\amd64_microsoft.windows.common-controls_6595b64144ccf1df_6.0.19041.1110_none_60b5254171f9507e;C:\Program Files\Java\jdk-19\bin\server

VM Arguments:
jvm_args: -Dfile.encoding=UTF-8 -XX:+ShowCodeDetailsInExceptionMessages 
java_command: com.atm.new1.Main
java_class_path (initial): C:\Users\arunkumar.p\git\repository2\ATM1\bin;C:\Users\arunkumar.p\git\repository2\ATM1\Driver\mysql-connector-j-8.1.0.jar
Launcher Type: SUN_STANDARD

[Global flags]
     intx CICompilerCount                          = 3                                         {product} {ergonomic}
     uint ConcGCThreads                            = 1                                         {product} {ergonomic}
     uint G1ConcRefinementThreads                  = 4                                         {product} {ergonomic}
   size_t G1HeapRegionSize                         = 2097152                                   {product} {ergonomic}
    uintx GCDrainStackTargetSize                   = 64                                        {product} {ergonomic}
   size_t InitialHeapSize                          = 268435456                                 {product} {ergonomic}
   size_t MarkStackSize                            = 4194304                                   {product} {ergonomic}
   size_t MaxHeapSize                              = 4271898624                                {product} {ergonomic}
   size_t MaxNewSize                               = 2562719744                                {product} {ergonomic}
   size_t MinHeapDeltaBytes                        = 2097152                                   {product} {ergonomic}
   size_t MinHeapSize                              = 8388608                                   {product} {ergonomic}
    uintx NonNMethodCodeHeapSize                   = 5832780                                {pd product} {ergonomic}
    uintx NonProfiledCodeHeapSize                  = 122912730                              {pd product} {ergonomic}
    uintx ProfiledCodeHeapSize                     = 122912730                              {pd product} {ergonomic}
    uintx ReservedCodeCacheSize                    = 251658240                              {pd product} {ergonomic}
     bool SegmentedCodeCache                       = true                                      {product} {ergonomic}
     bool ShowCodeDetailsInExceptionMessages       = true                                   {manageable} {command line}
   size_t SoftMaxHeapSize                          = 4271898624                             {manageable} {ergonomic}
     bool UseCompressedClassPointers               = true                           {product lp64_product} {ergonomic}
     bool UseCompressedOops                        = true                           {product lp64_product} {ergonomic}
     bool UseG1GC                                  = true                                      {product} {ergonomic}
     bool UseLargePagesIndividualAllocation        = false                                  {pd product} {ergonomic}

Logging:
Log output configuration:
 #0: stdout all=warning uptime,level,tags foldmultilines=false
 #1: stderr all=off uptime,level,tags foldmultilines=false

Environment Variables:
JAVA_HOME=C:\Program Files\Java\jdk-19
PATH=C:\Program Files\Common Files\Oracle\Java\javapath;C:\Windows\system32;C:\Windows;C:\Windows\System32\Wbem;C:\Windows\System32\WindowsPowerShell\v1.0\;C:\Windows\System32\OpenSSH\;C:\Program Files\TortoiseSVN\bin;C:\Program Files (x86)\Microsoft SQL Server\150\Tools\Binn\;C:\Program Files\Microsoft SQL Server\150\Tools\Binn\;C:\Program Files (x86)\Microsoft SQL Server\150\DTS\Binn\;C:\Program Files\Microsoft SQL Server\150\DTS\Binn\;C:\Program Files\Microsoft SQL Server\Client SDK\ODBC\170\Tools\Binn\;C:\Program Files\Azure Data Studio\bin;C:\Program Files\Java\jdk-19\bin;C:\Users\arunkumar.p\AppData\Local\Programs\Python\Python311\Scripts\;C:\Users\arunkumar.p\AppData\Local\Programs\Python\Python311\;C:\Users\arunkumar.p\AppData\Local\Microsoft\WindowsApps;C:\Users\arunkumar.p\AppData\Local\Programs\Microsoft VS Code\bin;C:\Users\arunkumar.p\AppData\Local\Programs\Git\cmd
USERNAME=arunkumar.p
OS=Windows_NT
PROCESSOR_IDENTIFIER=Intel64 Family 6 Model 60 Stepping 3, GenuineIntel
TMP=C:\Users\ARUNKU~1.P\AppData\Local\Temp
TEMP=C:\Users\ARUNKU~1.P\AppData\Local\Temp



---------------  S Y S T E M  ---------------

OS:
 Windows 10 , 64 bit Build 19041 (10.0.19041.3155)
OS uptime: 28 days 8:08 hours

CPU: total 4 (initial active 4) (4 cores per cpu, 1 threads per core) family 6 model 60 stepping 3 microcode 0x27, cx8, cmov, fxsr, mmx, sse, sse2, sse3, ssse3, sse4.1, sse4.2, popcnt, lzcnt, tsc, tscinvbit, avx, avx2, aes, erms, clmul, bmi1, bmi2, fma, vzeroupper, clflush, rdtscp

Memory: 4k page, system-wide physical 16292M (4172M free)
TotalPageFile size 41892M (AvailPageFile size 2M)
current process WorkingSet (physical memory assigned to process): 29M, peak: 29M
current process commit charge ("private bytes"): 329M, peak: 330M

vm_info: Java HotSpot(TM) 64-Bit Server VM (19.0.2+7-44) for windows-amd64 JRE (19.0.2+7-44), built on 2022-11-30T18:02:09Z by "mach5one" with MS VC++ 17.1 (VS2022)

END.
